<?xml version="1.0" encoding="UTF-8"?>
<!-- Generated by org.testng.reporters.JUnitXMLReporter -->
<testsuite ignored="0" hostname="LAPTOP-ICUMAH5U" failures="0" tests="2" name="error Message Testing" time="59.652" errors="0" timestamp="2024-04-25T17:43:10 IST">
  <testcase classname="Framework_Tutorial.errorMessageTest" name="submitOrder" time="18.764">
    <skipped/>
  </testcase> <!-- submitOrder -->
  <testcase classname="Framework_Tutorial.errorMessageTest" name="submitOrder" time="12.814"/>
</testsuite> <!-- error Message Testing -->
