<?xml version="1.0" encoding="UTF-8"?>
<!-- Generated by org.testng.reporters.JUnitXMLReporter -->
<testsuite ignored="1" hostname="LAPTOP-ICUMAH5U" failures="1" tests="1" name="submit Order Testing" time="0.762" errors="0" timestamp="2024-04-27T17:21:07 IST">
  <testcase classname="Framework_Tutorial.submitOrderTest" name="submitOrder" time="0.723">
    <failure type="org.testng.internal.reflect.MethodMatcherException" message="
[public void Framework_Tutorial.submitOrderTest.submitOrder(java.lang.String,java.lang.String,java.lang.String) throws java.io.IOException] has no parameters defined but was found to be using a data provider (either explicitly specified or inherited from class level annotation).
Data provider mismatch
Method: submitOrder([java.lang.String arg0, java.lang.String arg1, java.lang.String arg2])
Arguments: [(java.util.HashMap) {password=Varsha#1, product=ZARA COAT 3, email=vkharage@gmail.com}]">
      <![CDATA[org.testng.internal.reflect.MethodMatcherException: 
[public void Framework_Tutorial.submitOrderTest.submitOrder(java.lang.String,java.lang.String,java.lang.String) throws java.io.IOException] has no parameters defined but was found to be using a data provider (either explicitly specified or inherited from class level annotation).
Data provider mismatch
Method: submitOrder([java.lang.String arg0, java.lang.String arg1, java.lang.String arg2])
Arguments: [(java.util.HashMap) {password=Varsha#1, product=ZARA COAT 3, email=vkharage@gmail.com}]
at java.base/java.util.ArrayList.forEach(ArrayList.java:1596)
... Removed 26 stack frames]]>
    </failure>
  </testcase> <!-- submitOrder -->
  <testcase classname="Framework_Tutorial.submitOrderTest" name="OrderHistoryTest" time="0.0">
    <ignored/>
  </testcase> <!-- OrderHistoryTest -->
</testsuite> <!-- submit Order Testing -->
