<?xml version="1.0" encoding="UTF-8"?>
<testsuite xmlns:xsi="http://www.w3.org/2001/XMLSchema-instance" xsi:noNamespaceSchemaLocation="https://maven.apache.org/surefire/maven-surefire-plugin/xsd/surefire-test-report-3.0.xsd" version="3.0" name="TestSuite" time="2.597" tests="1" errors="0" skipped="0" failures="1">
  <properties>
[...]
</properties>
  <testcase name="submitOrder" classname="Framework_Tutorial.submitOrderTest" time="2.363">
    <failure message="&#10;[public void Framework_Tutorial.submitOrderTest.submitOrder(java.lang.String,java.lang.String,java.lang.String) throws java.io.IOException] has no parameters defined but was found to be using a data provider (either explicitly specified or inherited from class level annotation).&#10;Data provider mismatch&#10;Method: submitOrder([java.lang.String arg0, java.lang.String arg1, java.lang.String arg2])&#10;Arguments: [(java.util.HashMap) {password=Varsha#1, product=ZARA COAT 3, email=vkharage@gmail.com}]" type="org.testng.internal.reflect.MethodMatcherException"><![CDATA[org.testng.internal.reflect.MethodMatcherException: 

[public void Framework_Tutorial.submitOrderTest.submitOrder(java.lang.String,java.lang.String,java.lang.String) throws java.io.IOException] has no parameters defined but was found to be using a data provider (either explicitly specified or inherited from class level annotation).
Data provider mismatch
Method: submitOrder([java.lang.String arg0, java.lang.String arg1, java.lang.String arg2])
Arguments: [(java.util.HashMap) {password=Varsha#1, product=ZARA COAT 3, email=vkharage@gmail.com}]
	at org.testng.internal.reflect.DataProviderMethodMatcher.getConformingArguments(DataProviderMethodMatcher.java:46)
	at org.testng.internal.Parameters.injectParameters(Parameters.java:918)
	at org.testng.internal.invokers.MethodRunner.runInSequence(MethodRunner.java:50)
	at org.testng.internal.invokers.TestInvoker$MethodInvocationAgent.invoke(TestInvoker.java:961)
	at org.testng.internal.invokers.TestInvoker.invokeTestMethods(TestInvoker.java:201)
	at org.testng.internal.invokers.TestMethodWorker.invokeTestMethods(TestMethodWorker.java:148)
	at org.testng.internal.invokers.TestMethodWorker.run(TestMethodWorker.java:128)
	at java.base/java.util.ArrayList.forEach(ArrayList.java:1596)
	at org.testng.TestRunner.privateRun(TestRunner.java:819)
	at org.testng.TestRunner.run(TestRunner.java:619)
	at org.testng.SuiteRunner.runTest(SuiteRunner.java:443)
	at org.testng.SuiteRunner.runSequentially(SuiteRunner.java:437)
	at org.testng.SuiteRunner.privateRun(SuiteRunner.java:397)
	at org.testng.SuiteRunner.run(SuiteRunner.java:336)
	at org.testng.SuiteRunnerWorker.runSuite(SuiteRunnerWorker.java:52)
	at org.testng.SuiteRunnerWorker.run(SuiteRunnerWorker.java:95)
	at org.testng.TestNG.runSuitesSequentially(TestNG.java:1301)
	at org.testng.TestNG.runSuitesLocally(TestNG.java:1228)
	at org.testng.TestNG.runSuites(TestNG.java:1134)
	at org.testng.TestNG.run(TestNG.java:1101)
	at org.apache.maven.surefire.testng.TestNGExecutor.run(TestNGExecutor.java:308)
	at org.apache.maven.surefire.testng.TestNGXmlTestSuite.execute(TestNGXmlTestSuite.java:71)
	at org.apache.maven.surefire.testng.TestNGProvider.invoke(TestNGProvider.java:113)
	at org.apache.maven.surefire.booter.ForkedBooter.runSuitesInProcess(ForkedBooter.java:385)
	at org.apache.maven.surefire.booter.ForkedBooter.execute(ForkedBooter.java:162)
	at org.apache.maven.surefire.booter.ForkedBooter.run(ForkedBooter.java:507)
	at org.apache.maven.surefire.booter.ForkedBooter.main(ForkedBooter.java:495)
]]></failure>
    <system-out><![CDATA[{password=Varsha#1, product=ZARA COAT 3, email=vkharage@gmail.com} and {password=Iamking@000, product=ADIDAS ORIGINAL, email=anshika@gmail.com}
]]></system-out>
  </testcase>
</testsuite>